<?xml version="1.0" encoding="UTF-8"?>
<!-- Generated by org.testng.reporters.JUnitReportReporter -->
<testsuite hostname="CHE-9D0SR73" failures="0" tests="2" name="com.hilti.ta.SearchRunner" time="48.756" errors="0" timestamp="2021-09-02T19:05:10 IST" skipped="0">
  <testcase classname="com.hilti.ta.SearchRunner" name="runScenario" time="26.368"/>
  <system-out/>
  <testcase classname="com.hilti.ta.SearchRunner" name="runScenario" time="22.388"/>
  <system-out/>
</testsuite> <!-- com.hilti.ta.SearchRunner -->
