<?xml version="1.0" encoding="UTF-8"?>
<!-- Generated by org.testng.reporters.JUnitReportReporter -->
<testsuite hostname="CHE-9D0SR73" failures="0" tests="1" name="com.hilti.ta.FireStopSubmittals" time="33.446" errors="0" timestamp="2021-09-03T12:41:28 IST" skipped="0">
  <testcase classname="com.hilti.ta.FireStopSubmittals" name="runScenario" time="33.446"/>
  <system-out/>
</testsuite> <!-- com.hilti.ta.FireStopSubmittals -->
